[    7212ms] ReferenceError: fbq is not defined
    at <anonymous>:1:1
    at https://t.hln.be/gtm.js?id=GTM-WCJFQQ:1061:429
    at bR (https://t.hln.be/gtm.js?id=GTM-WCJFQQ:1063:31)
    at Md.aR (https://t.hln.be/gtm.js?id=GTM-WCJFQQ:1060:92)
    at Md.<anonymous> (https://t.hln.be/gtm.js?id=GTM-WCJFQQ:463:187)
    at k.apply (https://t.hln.be/gtm.js?id=GTM-WCJFQQ:389:466)
    at gb (https://t.hln.be/gtm.js?id=GTM-WCJFQQ:353:719)
    at fb (https://t.hln.be/gtm.js?id=GTM-WCJFQQ:353:470)
    at Md.<anonymous> (https://t.hln.be/gtm.js?id=GTM-WCJFQQ:413:473)
    at k.apply (https://t.hln.be/gtm.js?id=GTM-WCJFQQ:389:466)
[    7213ms] TypeError: Cannot read properties of undefined (reading 'push')
    at <anonymous>:1:13
    at https://t.hln.be/gtm.js?id=GTM-WCJFQQ:1061:429
    at bR (https://t.hln.be/gtm.js?id=GTM-WCJFQQ:1063:31)
    at Md.aR (https://t.hln.be/gtm.js?id=GTM-WCJFQQ:1060:92)
    at Md.<anonymous> (https://t.hln.be/gtm.js?id=GTM-WCJFQQ:463:187)
    at k.apply (https://t.hln.be/gtm.js?id=GTM-WCJFQQ:389:466)
    at gb (https://t.hln.be/gtm.js?id=GTM-WCJFQQ:353:719)
    at fb (https://t.hln.be/gtm.js?id=GTM-WCJFQQ:353:470)
    at Md.<anonymous> (https://t.hln.be/gtm.js?id=GTM-WCJFQQ:413:473)
    at k.apply (https://t.hln.be/gtm.js?id=GTM-WCJFQQ:389:466)
[    7322ms] [WARNING] [Meta Pixel] - Invalid PixelID: null. @ https://connect.facebook.net/en_US/fbevents.js:175
[    7640ms] [ERROR] Failed to load resource: the server responded with a status of 403 () @ https://api.mychannels.world/v1/productions/125925/authorised?mobile=false&location=https%3A%2F%2Fwww.hln.be%2F&tracking_id=:0
[    7805ms] [ERROR] Attestation check for Attribution Reporting on https://www.facebook.com failed. @ https://www.hln.be/:0
[    8332ms] [WARNING] Google Deploy of the SharedId library has been deprecated. Please select another option in the GAM UI. If you use Prebid, we suggest the Prebid.js UserId option. If you do not, you may configure GAM to allow Google to share a first party user identifier with OB and AB participants, which is either the publisherProvidedId or the __gads value when that is missing. @ https://cdn.jsdelivr.net/gh/prebid/shared-id/pubcid.js/docs/pubcid.min.js:0
[    8338ms] ReferenceError: GUMGUMAD is not defined
    at https://www.hln.be/:1:21220
    at https://www.hln.be/:1:28506
[   12449ms] [ERROR] Failed to load resource: the server responded with a status of 400 () @ https://match.prod.bidr.io/cookie-sync/rp?bee_sync_partners=rp&gdpr_consent=CQh4WIAQh4WIAGbABBNLCYFoAPPAAAAAAAIgLDERxCpEACFAKCJyQJEgUIgWsAAABEAQAAABAiABgBgAIAQCEGECBADABAACCAIAKABBAABJGAAAAAAAAAAAAACASAAAAAoAICAAgCIBQAAIAAAAAAAAAAAAAAACAAAAkAAAAAIoSEgAAAAAAAAAAAABAAAAAAAAAAAAAAAAAAAAACAAAAAAAAAAAAAAABAAEAAAAAAAAAAAAAAAEAAAAAAABAAAAAAAAAAAAAAAAAAAABAAAAYIAAgFIDAAQCkEAEYACwAMgBNADEAGwAO4AfgBQACkAGqAOIAdwBHACRAEpAKyAV8Au4BhADFAGcgNMA04CBAEDgInAR6AmIBO4C9gGOgMfAZOAywCAoE1iEAsABYAYgA_ADuAI4ASIAlIBigETgI9AZOSABgAXAHcAmIlAMAAWABwAJgAYgBDAEcAMUAj0BeYDJAGTgMsHABQALgEIAJSAUgBMQ6A2AAsACoAHAAQAAyABoAEwAMQAfgBDADKAGiAO4AfoBFoCOAI6ASIAxQCJwEegJkAXmAyQBk4DLAI7AUIKABAALgDuAJSAmIpAZAAWABUADgAIAAZAA0ACYAGIAPwAhgBlADRAHeAP0Ai0BHAEdAJEAYoBE4CPQF5gMkAZOAywCOwQAGAEUAlIBSAkBUACoAFwAOAAgABkADQAJgAfgBDADKAHcAP0AjgBIgDFAGiAR6AvMBkgDJwKEA.ILDERxCpEACFAKCJyQJEgUIgWsAAABEAQAAABAiABgBgAIAQCEGECBADABAACCAIAKABBAABJGAAAAAAAAAAAAACASAAAAAoAICAAgCIBQAAIAAAAAAAAAAAAAAACAAAAkAAAAAIoSEgAAAAAAAAAAAABAAAAAAAAAAAAAAAAAAAAACAAAAAAAAAAAAAAABAAEAAAAAAAAAAAAAAAEAAAAAAABAAAAAAAAAAAAAAAAAAAABA.YAAAAAAAAAAA&gdpr=1&_bee_ppp=1:0
[   23622ms] [WARNING] Manifest: property 'start_url' ignored, should be same origin as document. @ https://freemium-web-statics.dpgmedia.net/app/767aff975232e65770b786e09593c4baa38cfea5/hln/other/manifest.json:0
[   24871ms] ReferenceError: fbq is not defined
    at <anonymous>:1:1
    at https://www.googletagmanager.com/gtm.js?id=GTM-WCJFQQ:1061:429
    at bR (https://www.googletagmanager.com/gtm.js?id=GTM-WCJFQQ:1063:31)
    at Md.aR (https://www.googletagmanager.com/gtm.js?id=GTM-WCJFQQ:1060:92)
    at Md.<anonymous> (https://www.googletagmanager.com/gtm.js?id=GTM-WCJFQQ:463:187)
    at k.apply (https://www.googletagmanager.com/gtm.js?id=GTM-WCJFQQ:389:466)
    at gb (https://www.googletagmanager.com/gtm.js?id=GTM-WCJFQQ:353:719)
    at fb (https://www.googletagmanager.com/gtm.js?id=GTM-WCJFQQ:353:470)
    at Md.<anonymous> (https://www.googletagmanager.com/gtm.js?id=GTM-WCJFQQ:413:473)
    at k.apply (https://www.googletagmanager.com/gtm.js?id=GTM-WCJFQQ:389:466)
[   24871ms] TypeError: Cannot read properties of undefined (reading 'push')
    at <anonymous>:1:13
    at https://www.googletagmanager.com/gtm.js?id=GTM-WCJFQQ:1061:429
    at bR (https://www.googletagmanager.com/gtm.js?id=GTM-WCJFQQ:1063:31)
    at Md.aR (https://www.googletagmanager.com/gtm.js?id=GTM-WCJFQQ:1060:92)
    at Md.<anonymous> (https://www.googletagmanager.com/gtm.js?id=GTM-WCJFQQ:463:187)
    at k.apply (https://www.googletagmanager.com/gtm.js?id=GTM-WCJFQQ:389:466)
    at gb (https://www.googletagmanager.com/gtm.js?id=GTM-WCJFQQ:353:719)
    at fb (https://www.googletagmanager.com/gtm.js?id=GTM-WCJFQQ:353:470)
    at Md.<anonymous> (https://www.googletagmanager.com/gtm.js?id=GTM-WCJFQQ:413:473)
    at k.apply (https://www.googletagmanager.com/gtm.js?id=GTM-WCJFQQ:389:466)
[   25295ms] [WARNING] [Meta Pixel] - Invalid PixelID: null. @ https://connect.facebook.net/en_US/fbevents.js:175
[   27059ms] [ERROR] Failed to load resource: the server responded with a status of 410 (Gone) @ https://ads.stickyadstv.com/data-registering?dataProviderId=1233&redirectId=1617:0
[   53105ms] [WARNING] The resource https://freemium-web-statics.dpgmedia.net/app/_next/static/chunks/c575000c5adbb941.css was preloaded using link preload but not used within a few seconds from the window's load event. Please make sure it has an appropriate `as` value and it is preloaded intentionally. @ https://www.hln.be/showbizz/jelle-cleymans-keuze-om-solo-op-spring-tour-te-gaan-was-mokerslag-voor-cara-van-der-auwera-hij-heeft-onze-erfenis-opgesoupeerd~a7ca769b/:0
[   61394ms] [WARNING] The resource https://freemium-web-statics.dpgmedia.net/app/_next/static/chunks/c575000c5adbb941.css was preloaded using link preload but not used within a few seconds from the window's load event. Please make sure it has an appropriate `as` value and it is preloaded intentionally. @ https://www.hln.be/showbizz/jelle-cleymans-keuze-om-solo-op-spring-tour-te-gaan-was-mokerslag-voor-cara-van-der-auwera-hij-heeft-onze-erfenis-opgesoupeerd~a7ca769b/:0
[   65111ms] [WARNING] The resource https://freemium-web-statics.dpgmedia.net/app/_next/static/chunks/c575000c5adbb941.css was preloaded using link preload but not used within a few seconds from the window's load event. Please make sure it has an appropriate `as` value and it is preloaded intentionally. @ https://www.hln.be/showbizz/jelle-cleymans-keuze-om-solo-op-spring-tour-te-gaan-was-mokerslag-voor-cara-van-der-auwera-hij-heeft-onze-erfenis-opgesoupeerd~a7ca769b/:0
[   69129ms] [WARNING] The resource https://freemium-web-statics.dpgmedia.net/app/_next/static/chunks/c575000c5adbb941.css was preloaded using link preload but not used within a few seconds from the window's load event. Please make sure it has an appropriate `as` value and it is preloaded intentionally. @ https://www.hln.be/showbizz/jelle-cleymans-keuze-om-solo-op-spring-tour-te-gaan-was-mokerslag-voor-cara-van-der-auwera-hij-heeft-onze-erfenis-opgesoupeerd~a7ca769b/:0
[   73130ms] [WARNING] The resource https://freemium-web-statics.dpgmedia.net/app/_next/static/chunks/c575000c5adbb941.css was preloaded using link preload but not used within a few seconds from the window's load event. Please make sure it has an appropriate `as` value and it is preloaded intentionally. @ https://www.hln.be/showbizz/jelle-cleymans-keuze-om-solo-op-spring-tour-te-gaan-was-mokerslag-voor-cara-van-der-auwera-hij-heeft-onze-erfenis-opgesoupeerd~a7ca769b/:0
[   85097ms] [WARNING] The resource https://freemium-web-statics.dpgmedia.net/app/_next/static/chunks/c575000c5adbb941.css was preloaded using link preload but not used within a few seconds from the window's load event. Please make sure it has an appropriate `as` value and it is preloaded intentionally. @ https://www.hln.be/showbizz/jelle-cleymans-keuze-om-solo-op-spring-tour-te-gaan-was-mokerslag-voor-cara-van-der-auwera-hij-heeft-onze-erfenis-opgesoupeerd~a7ca769b/:0
[   89590ms] [WARNING] The resource https://freemium-web-statics.dpgmedia.net/app/_next/static/chunks/c575000c5adbb941.css was preloaded using link preload but not used within a few seconds from the window's load event. Please make sure it has an appropriate `as` value and it is preloaded intentionally. @ https://www.hln.be/showbizz/jelle-cleymans-keuze-om-solo-op-spring-tour-te-gaan-was-mokerslag-voor-cara-van-der-auwera-hij-heeft-onze-erfenis-opgesoupeerd~a7ca769b/:0
[   93452ms] [WARNING] The resource https://freemium-web-statics.dpgmedia.net/app/_next/static/chunks/c575000c5adbb941.css was preloaded using link preload but not used within a few seconds from the window's load event. Please make sure it has an appropriate `as` value and it is preloaded intentionally. @ https://www.hln.be/showbizz/jelle-cleymans-keuze-om-solo-op-spring-tour-te-gaan-was-mokerslag-voor-cara-van-der-auwera-hij-heeft-onze-erfenis-opgesoupeerd~a7ca769b/:0
[  101107ms] [WARNING] The resource https://freemium-web-statics.dpgmedia.net/app/_next/static/chunks/c575000c5adbb941.css was preloaded using link preload but not used within a few seconds from the window's load event. Please make sure it has an appropriate `as` value and it is preloaded intentionally. @ https://www.hln.be/showbizz/jelle-cleymans-keuze-om-solo-op-spring-tour-te-gaan-was-mokerslag-voor-cara-van-der-auwera-hij-heeft-onze-erfenis-opgesoupeerd~a7ca769b/:0
[  105449ms] [WARNING] The resource https://freemium-web-statics.dpgmedia.net/app/_next/static/chunks/c575000c5adbb941.css was preloaded using link preload but not used within a few seconds from the window's load event. Please make sure it has an appropriate `as` value and it is preloaded intentionally. @ https://www.hln.be/showbizz/jelle-cleymans-keuze-om-solo-op-spring-tour-te-gaan-was-mokerslag-voor-cara-van-der-auwera-hij-heeft-onze-erfenis-opgesoupeerd~a7ca769b/:0
[  119135ms] [WARNING] The resource https://freemium-web-statics.dpgmedia.net/app/_next/static/chunks/c575000c5adbb941.css was preloaded using link preload but not used within a few seconds from the window's load event. Please make sure it has an appropriate `as` value and it is preloaded intentionally. @ https://www.hln.be/showbizz/jelle-cleymans-keuze-om-solo-op-spring-tour-te-gaan-was-mokerslag-voor-cara-van-der-auwera-hij-heeft-onze-erfenis-opgesoupeerd~a7ca769b/:0
[  129306ms] [WARNING] The resource https://freemium-web-statics.dpgmedia.net/app/_next/static/chunks/c575000c5adbb941.css was preloaded using link preload but not used within a few seconds from the window's load event. Please make sure it has an appropriate `as` value and it is preloaded intentionally. @ https://www.hln.be/showbizz/jelle-cleymans-keuze-om-solo-op-spring-tour-te-gaan-was-mokerslag-voor-cara-van-der-auwera-hij-heeft-onze-erfenis-opgesoupeerd~a7ca769b/:0
[  139138ms] [WARNING] The resource https://freemium-web-statics.dpgmedia.net/app/_next/static/chunks/c575000c5adbb941.css was preloaded using link preload but not used within a few seconds from the window's load event. Please make sure it has an appropriate `as` value and it is preloaded intentionally. @ https://www.hln.be/showbizz/jelle-cleymans-keuze-om-solo-op-spring-tour-te-gaan-was-mokerslag-voor-cara-van-der-auwera-hij-heeft-onze-erfenis-opgesoupeerd~a7ca769b/:0
[  155411ms] [WARNING] The resource https://freemium-web-statics.dpgmedia.net/app/_next/static/chunks/c575000c5adbb941.css was preloaded using link preload but not used within a few seconds from the window's load event. Please make sure it has an appropriate `as` value and it is preloaded intentionally. @ https://www.hln.be/showbizz/jelle-cleymans-keuze-om-solo-op-spring-tour-te-gaan-was-mokerslag-voor-cara-van-der-auwera-hij-heeft-onze-erfenis-opgesoupeerd~a7ca769b/:0
[  160838ms] [WARNING] The resource https://freemium-web-statics.dpgmedia.net/app/_next/static/chunks/c575000c5adbb941.css was preloaded using link preload but not used within a few seconds from the window's load event. Please make sure it has an appropriate `as` value and it is preloaded intentionally. @ https://www.hln.be/showbizz/jelle-cleymans-keuze-om-solo-op-spring-tour-te-gaan-was-mokerslag-voor-cara-van-der-auwera-hij-heeft-onze-erfenis-opgesoupeerd~a7ca769b/:0
[  171837ms] [WARNING] The resource https://freemium-web-statics.dpgmedia.net/app/_next/static/chunks/c575000c5adbb941.css was preloaded using link preload but not used within a few seconds from the window's load event. Please make sure it has an appropriate `as` value and it is preloaded intentionally. @ https://www.hln.be/showbizz/jelle-cleymans-keuze-om-solo-op-spring-tour-te-gaan-was-mokerslag-voor-cara-van-der-auwera-hij-heeft-onze-erfenis-opgesoupeerd~a7ca769b/:0
[  179157ms] [WARNING] The resource https://freemium-web-statics.dpgmedia.net/app/_next/static/chunks/c575000c5adbb941.css was preloaded using link preload but not used within a few seconds from the window's load event. Please make sure it has an appropriate `as` value and it is preloaded intentionally. @ https://www.hln.be/showbizz/jelle-cleymans-keuze-om-solo-op-spring-tour-te-gaan-was-mokerslag-voor-cara-van-der-auwera-hij-heeft-onze-erfenis-opgesoupeerd~a7ca769b/:0
[  189299ms] [WARNING] The resource https://freemium-web-statics.dpgmedia.net/app/_next/static/chunks/c575000c5adbb941.css was preloaded using link preload but not used within a few seconds from the window's load event. Please make sure it has an appropriate `as` value and it is preloaded intentionally. @ https://www.hln.be/showbizz/jelle-cleymans-keuze-om-solo-op-spring-tour-te-gaan-was-mokerslag-voor-cara-van-der-auwera-hij-heeft-onze-erfenis-opgesoupeerd~a7ca769b/:0
[  193838ms] [WARNING] The resource https://freemium-web-statics.dpgmedia.net/app/_next/static/chunks/c575000c5adbb941.css was preloaded using link preload but not used within a few seconds from the window's load event. Please make sure it has an appropriate `as` value and it is preloaded intentionally. @ https://www.hln.be/showbizz/jelle-cleymans-keuze-om-solo-op-spring-tour-te-gaan-was-mokerslag-voor-cara-van-der-auwera-hij-heeft-onze-erfenis-opgesoupeerd~a7ca769b/:0
[  199337ms] [WARNING] The resource https://freemium-web-statics.dpgmedia.net/app/_next/static/chunks/c575000c5adbb941.css was preloaded using link preload but not used within a few seconds from the window's load event. Please make sure it has an appropriate `as` value and it is preloaded intentionally. @ https://www.hln.be/showbizz/jelle-cleymans-keuze-om-solo-op-spring-tour-te-gaan-was-mokerslag-voor-cara-van-der-auwera-hij-heeft-onze-erfenis-opgesoupeerd~a7ca769b/:0
[  204838ms] [WARNING] The resource https://freemium-web-statics.dpgmedia.net/app/_next/static/chunks/c575000c5adbb941.css was preloaded using link preload but not used within a few seconds from the window's load event. Please make sure it has an appropriate `as` value and it is preloaded intentionally. @ https://www.hln.be/showbizz/jelle-cleymans-keuze-om-solo-op-spring-tour-te-gaan-was-mokerslag-voor-cara-van-der-auwera-hij-heeft-onze-erfenis-opgesoupeerd~a7ca769b/:0
[  225927ms] [WARNING] The resource https://freemium-web-statics.dpgmedia.net/app/_next/static/chunks/c575000c5adbb941.css was preloaded using link preload but not used within a few seconds from the window's load event. Please make sure it has an appropriate `as` value and it is preloaded intentionally. @ https://www.hln.be/showbizz/jelle-cleymans-keuze-om-solo-op-spring-tour-te-gaan-was-mokerslag-voor-cara-van-der-auwera-hij-heeft-onze-erfenis-opgesoupeerd~a7ca769b/:0
[  241469ms] [WARNING] The resource https://freemium-web-statics.dpgmedia.net/app/_next/static/chunks/c575000c5adbb941.css was preloaded using link preload but not used within a few seconds from the window's load event. Please make sure it has an appropriate `as` value and it is preloaded intentionally. @ https://www.hln.be/showbizz/jelle-cleymans-keuze-om-solo-op-spring-tour-te-gaan-was-mokerslag-voor-cara-van-der-auwera-hij-heeft-onze-erfenis-opgesoupeerd~a7ca769b/:0
[  261468ms] [WARNING] The resource https://freemium-web-statics.dpgmedia.net/app/_next/static/chunks/c575000c5adbb941.css was preloaded using link preload but not used within a few seconds from the window's load event. Please make sure it has an appropriate `as` value and it is preloaded intentionally. @ https://www.hln.be/showbizz/jelle-cleymans-keuze-om-solo-op-spring-tour-te-gaan-was-mokerslag-voor-cara-van-der-auwera-hij-heeft-onze-erfenis-opgesoupeerd~a7ca769b/:0
[  293498ms] [WARNING] The resource https://freemium-web-statics.dpgmedia.net/app/_next/static/chunks/c575000c5adbb941.css was preloaded using link preload but not used within a few seconds from the window's load event. Please make sure it has an appropriate `as` value and it is preloaded intentionally. @ https://www.hln.be/showbizz/jelle-cleymans-keuze-om-solo-op-spring-tour-te-gaan-was-mokerslag-voor-cara-van-der-auwera-hij-heeft-onze-erfenis-opgesoupeerd~a7ca769b/:0
[  298469ms] [WARNING] The resource https://freemium-web-statics.dpgmedia.net/app/_next/static/chunks/c575000c5adbb941.css was preloaded using link preload but not used within a few seconds from the window's load event. Please make sure it has an appropriate `as` value and it is preloaded intentionally. @ https://www.hln.be/showbizz/jelle-cleymans-keuze-om-solo-op-spring-tour-te-gaan-was-mokerslag-voor-cara-van-der-auwera-hij-heeft-onze-erfenis-opgesoupeerd~a7ca769b/:0
[  312471ms] [WARNING] The resource https://freemium-web-statics.dpgmedia.net/app/_next/static/chunks/c575000c5adbb941.css was preloaded using link preload but not used within a few seconds from the window's load event. Please make sure it has an appropriate `as` value and it is preloaded intentionally. @ https://www.hln.be/showbizz/jelle-cleymans-keuze-om-solo-op-spring-tour-te-gaan-was-mokerslag-voor-cara-van-der-auwera-hij-heeft-onze-erfenis-opgesoupeerd~a7ca769b/:0
[  330454ms] [WARNING] The resource https://freemium-web-statics.dpgmedia.net/app/_next/static/chunks/c575000c5adbb941.css was preloaded using link preload but not used within a few seconds from the window's load event. Please make sure it has an appropriate `as` value and it is preloaded intentionally. @ https://www.hln.be/showbizz/jelle-cleymans-keuze-om-solo-op-spring-tour-te-gaan-was-mokerslag-voor-cara-van-der-auwera-hij-heeft-onze-erfenis-opgesoupeerd~a7ca769b/:0
[  352470ms] [WARNING] The resource https://freemium-web-statics.dpgmedia.net/app/_next/static/chunks/c575000c5adbb941.css was preloaded using link preload but not used within a few seconds from the window's load event. Please make sure it has an appropriate `as` value and it is preloaded intentionally. @ https://www.hln.be/showbizz/jelle-cleymans-keuze-om-solo-op-spring-tour-te-gaan-was-mokerslag-voor-cara-van-der-auwera-hij-heeft-onze-erfenis-opgesoupeerd~a7ca769b/:0
[  397481ms] [WARNING] The resource https://freemium-web-statics.dpgmedia.net/app/_next/static/chunks/c575000c5adbb941.css was preloaded using link preload but not used within a few seconds from the window's load event. Please make sure it has an appropriate `as` value and it is preloaded intentionally. @ https://www.hln.be/showbizz/jelle-cleymans-keuze-om-solo-op-spring-tour-te-gaan-was-mokerslag-voor-cara-van-der-auwera-hij-heeft-onze-erfenis-opgesoupeerd~a7ca769b/:0
[  425488ms] [WARNING] The resource https://freemium-web-statics.dpgmedia.net/app/_next/static/chunks/c575000c5adbb941.css was preloaded using link preload but not used within a few seconds from the window's load event. Please make sure it has an appropriate `as` value and it is preloaded intentionally. @ https://www.hln.be/showbizz/jelle-cleymans-keuze-om-solo-op-spring-tour-te-gaan-was-mokerslag-voor-cara-van-der-auwera-hij-heeft-onze-erfenis-opgesoupeerd~a7ca769b/:0
[  435468ms] [WARNING] The resource https://freemium-web-statics.dpgmedia.net/app/_next/static/chunks/c575000c5adbb941.css was preloaded using link preload but not used within a few seconds from the window's load event. Please make sure it has an appropriate `as` value and it is preloaded intentionally. @ https://www.hln.be/showbizz/jelle-cleymans-keuze-om-solo-op-spring-tour-te-gaan-was-mokerslag-voor-cara-van-der-auwera-hij-heeft-onze-erfenis-opgesoupeerd~a7ca769b/:0
[  457907ms] [WARNING] The resource https://freemium-web-statics.dpgmedia.net/app/_next/static/chunks/c575000c5adbb941.css was preloaded using link preload but not used within a few seconds from the window's load event. Please make sure it has an appropriate `as` value and it is preloaded intentionally. @ https://www.hln.be/showbizz/jelle-cleymans-keuze-om-solo-op-spring-tour-te-gaan-was-mokerslag-voor-cara-van-der-auwera-hij-heeft-onze-erfenis-opgesoupeerd~a7ca769b/:0
[  464497ms] [WARNING] The resource https://freemium-web-statics.dpgmedia.net/app/_next/static/chunks/c575000c5adbb941.css was preloaded using link preload but not used within a few seconds from the window's load event. Please make sure it has an appropriate `as` value and it is preloaded intentionally. @ https://www.hln.be/showbizz/jelle-cleymans-keuze-om-solo-op-spring-tour-te-gaan-was-mokerslag-voor-cara-van-der-auwera-hij-heeft-onze-erfenis-opgesoupeerd~a7ca769b/:0
[  468838ms] [WARNING] The resource https://freemium-web-statics.dpgmedia.net/app/_next/static/chunks/c575000c5adbb941.css was preloaded using link preload but not used within a few seconds from the window's load event. Please make sure it has an appropriate `as` value and it is preloaded intentionally. @ https://www.hln.be/showbizz/jelle-cleymans-keuze-om-solo-op-spring-tour-te-gaan-was-mokerslag-voor-cara-van-der-auwera-hij-heeft-onze-erfenis-opgesoupeerd~a7ca769b/:0
[  472812ms] [WARNING] The resource https://freemium-web-statics.dpgmedia.net/app/_next/static/chunks/c575000c5adbb941.css was preloaded using link preload but not used within a few seconds from the window's load event. Please make sure it has an appropriate `as` value and it is preloaded intentionally. @ https://www.hln.be/showbizz/jelle-cleymans-keuze-om-solo-op-spring-tour-te-gaan-was-mokerslag-voor-cara-van-der-auwera-hij-heeft-onze-erfenis-opgesoupeerd~a7ca769b/:0
[  482813ms] [WARNING] The resource https://freemium-web-statics.dpgmedia.net/app/_next/static/chunks/c575000c5adbb941.css was preloaded using link preload but not used within a few seconds from the window's load event. Please make sure it has an appropriate `as` value and it is preloaded intentionally. @ https://www.hln.be/showbizz/jelle-cleymans-keuze-om-solo-op-spring-tour-te-gaan-was-mokerslag-voor-cara-van-der-auwera-hij-heeft-onze-erfenis-opgesoupeerd~a7ca769b/:0
[  492817ms] [WARNING] The resource https://freemium-web-statics.dpgmedia.net/app/_next/static/chunks/c575000c5adbb941.css was preloaded using link preload but not used within a few seconds from the window's load event. Please make sure it has an appropriate `as` value and it is preloaded intentionally. @ https://www.hln.be/showbizz/jelle-cleymans-keuze-om-solo-op-spring-tour-te-gaan-was-mokerslag-voor-cara-van-der-auwera-hij-heeft-onze-erfenis-opgesoupeerd~a7ca769b/:0
[  502817ms] [WARNING] The resource https://freemium-web-statics.dpgmedia.net/app/_next/static/chunks/c575000c5adbb941.css was preloaded using link preload but not used within a few seconds from the window's load event. Please make sure it has an appropriate `as` value and it is preloaded intentionally. @ https://www.hln.be/showbizz/jelle-cleymans-keuze-om-solo-op-spring-tour-te-gaan-was-mokerslag-voor-cara-van-der-auwera-hij-heeft-onze-erfenis-opgesoupeerd~a7ca769b/:0
[  512824ms] [WARNING] The resource https://freemium-web-statics.dpgmedia.net/app/_next/static/chunks/c575000c5adbb941.css was preloaded using link preload but not used within a few seconds from the window's load event. Please make sure it has an appropriate `as` value and it is preloaded intentionally. @ https://www.hln.be/showbizz/jelle-cleymans-keuze-om-solo-op-spring-tour-te-gaan-was-mokerslag-voor-cara-van-der-auwera-hij-heeft-onze-erfenis-opgesoupeerd~a7ca769b/:0
[  522828ms] [WARNING] The resource https://freemium-web-statics.dpgmedia.net/app/_next/static/chunks/c575000c5adbb941.css was preloaded using link preload but not used within a few seconds from the window's load event. Please make sure it has an appropriate `as` value and it is preloaded intentionally. @ https://www.hln.be/showbizz/jelle-cleymans-keuze-om-solo-op-spring-tour-te-gaan-was-mokerslag-voor-cara-van-der-auwera-hij-heeft-onze-erfenis-opgesoupeerd~a7ca769b/:0
[  534907ms] [WARNING] The resource https://freemium-web-statics.dpgmedia.net/app/_next/static/chunks/c575000c5adbb941.css was preloaded using link preload but not used within a few seconds from the window's load event. Please make sure it has an appropriate `as` value and it is preloaded intentionally. @ https://www.hln.be/showbizz/jelle-cleymans-keuze-om-solo-op-spring-tour-te-gaan-was-mokerslag-voor-cara-van-der-auwera-hij-heeft-onze-erfenis-opgesoupeerd~a7ca769b/:0
[  549469ms] [WARNING] The resource https://freemium-web-statics.dpgmedia.net/app/_next/static/chunks/c575000c5adbb941.css was preloaded using link preload but not used within a few seconds from the window's load event. Please make sure it has an appropriate `as` value and it is preloaded intentionally. @ https://www.hln.be/showbizz/jelle-cleymans-keuze-om-solo-op-spring-tour-te-gaan-was-mokerslag-voor-cara-van-der-auwera-hij-heeft-onze-erfenis-opgesoupeerd~a7ca769b/:0
[  563439ms] [WARNING] The resource https://freemium-web-statics.dpgmedia.net/app/_next/static/chunks/c575000c5adbb941.css was preloaded using link preload but not used within a few seconds from the window's load event. Please make sure it has an appropriate `as` value and it is preloaded intentionally. @ https://www.hln.be/showbizz/jelle-cleymans-keuze-om-solo-op-spring-tour-te-gaan-was-mokerslag-voor-cara-van-der-auwera-hij-heeft-onze-erfenis-opgesoupeerd~a7ca769b/:0
[  573337ms] [WARNING] The resource https://freemium-web-statics.dpgmedia.net/app/_next/static/chunks/c575000c5adbb941.css was preloaded using link preload but not used within a few seconds from the window's load event. Please make sure it has an appropriate `as` value and it is preloaded intentionally. @ https://www.hln.be/showbizz/jelle-cleymans-keuze-om-solo-op-spring-tour-te-gaan-was-mokerslag-voor-cara-van-der-auwera-hij-heeft-onze-erfenis-opgesoupeerd~a7ca769b/:0
[  578920ms] [WARNING] The resource https://freemium-web-statics.dpgmedia.net/app/_next/static/chunks/c575000c5adbb941.css was preloaded using link preload but not used within a few seconds from the window's load event. Please make sure it has an appropriate `as` value and it is preloaded intentionally. @ https://www.hln.be/showbizz/jelle-cleymans-keuze-om-solo-op-spring-tour-te-gaan-was-mokerslag-voor-cara-van-der-auwera-hij-heeft-onze-erfenis-opgesoupeerd~a7ca769b/:0
